<?xml version="1.0" encoding="UTF-8"?>
<!-- Generated by org.testng.reporters.JUnitReportReporter -->
<testsuite hostname="LAPTOP-N9IBNQH5" failures="0" tests="3" name="com.crm.qa.testdata.LoginPageTest" time="49.521" errors="0" timestamp="2021-08-30T20:43:40 BDT" skipped="0">
  <testcase classname="com.crm.qa.testdata.LoginPageTest" name="loginPageTitle" time="11.998"/>
  <system-out/>
  <testcase classname="com.crm.qa.testdata.LoginPageTest" name="crmLogoTest" time="13.380"/>
  <system-out/>
  <testcase classname="com.crm.qa.testdata.LoginPageTest" name="loginTest" time="24.143"/>
  <system-out/>
</testsuite> <!-- com.crm.qa.testdata.LoginPageTest -->
