<?xml version="1.0" encoding="UTF-8"?>
<!-- Generated by org.testng.reporters.JUnitReportReporter -->
<testsuite hostname="LAPTOP-N9IBNQH5" failures="0" tests="6" name="com.crm.qa.testdata.ContactsPageTest" time="105.733" errors="0" timestamp="2021-08-30T20:43:40 BDT" skipped="3">
  <testcase classname="com.crm.qa.testdata.ContactsPageTest" name="createValidateNewContact2" time="34.836"/>
  <system-out/>
  <testcase classname="com.crm.qa.testdata.ContactsPageTest" name="createValidateNewContact2" time="36.582"/>
  <system-out/>
  <testcase classname="com.crm.qa.testdata.ContactsPageTest" name="createValidateNewContact2" time="34.315"/>
  <system-out/>
  <testcase classname="com.crm.qa.testdata.ContactsPageTest" name="verifyContactsPageLabel">
    <skipped/>
  </testcase> <!-- verifyContactsPageLabel -->
  <system-out/>
  <testcase classname="com.crm.qa.testdata.ContactsPageTest" name="selectContactsTest">
    <skipped/>
  </testcase> <!-- selectContactsTest -->
  <system-out/>
  <testcase classname="com.crm.qa.testdata.ContactsPageTest" name="createValidateNewContact">
    <skipped/>
  </testcase> <!-- createValidateNewContact -->
  <system-out/>
</testsuite> <!-- com.crm.qa.testdata.ContactsPageTest -->
