<?xml version="1.0" encoding="UTF-8"?>
<!-- Generated by org.testng.reporters.JUnitReportReporter -->
<testsuite hostname="LAPTOP-N9IBNQH5" failures="0" tests="5" name="com.crm.qa.testdata.HomePageTest" time="134.151" errors="0" timestamp="2021-08-30T20:43:40 BDT" skipped="0">
  <testcase classname="com.crm.qa.testdata.HomePageTest" name="verifyHomePageTitle" time="24.532"/>
  <system-out/>
  <testcase classname="com.crm.qa.testdata.HomePageTest" name="verifyUserNameTest" time="26.854"/>
  <system-out/>
  <testcase classname="com.crm.qa.testdata.HomePageTest" name="verifyContactLinkTest" time="27.080"/>
  <system-out/>
  <testcase classname="com.crm.qa.testdata.HomePageTest" name="verifyDealsLinkTest" time="26.684"/>
  <system-out/>
  <testcase classname="com.crm.qa.testdata.HomePageTest" name="verifyTasksLinkTest" time="29.001"/>
  <system-out/>
</testsuite> <!-- com.crm.qa.testdata.HomePageTest -->
